<?xml version="1.0" encoding="UTF-8"?>
<!-- Generated by org.testng.reporters.JUnitReportReporter -->
<testsuite hostname="LAIMUMLT9002" failures="0" tests="1" name="abhay.ForgotPassword" time="12.808" errors="0" timestamp="2023-10-26T16:48:14 IST" skipped="0">
  <testcase classname="abhay.ForgotPassword" name="resetPassword" time="12.808"/>
</testsuite> <!-- abhay.ForgotPassword -->
