<?xml version="1.0" encoding="UTF-8"?>
<!-- Generated by org.testng.reporters.JUnitReportReporter -->
<testsuite hostname="LAIMUMLT9002" failures="0" tests="2" name="abhay.LoginTest" time="8.929" errors="0" timestamp="2024-01-14T15:35:30 IST" skipped="0">
  <testcase classname="abhay.LoginTest" name="Login" time="4.482"/>
  <testcase classname="abhay.LoginTest" name="Login" time="4.447"/>
</testsuite> <!-- abhay.LoginTest -->
