<?xml version="1.0" encoding="UTF-8"?>
<!-- Generated by org.testng.reporters.JUnitReportReporter -->
<testsuite hostname="LAIMUMLT9002" failures="0" tests="1" name="abhay.LandingPage" time="0.008" errors="0" timestamp="2023-10-26T16:42:35 IST" skipped="0">
  <testcase classname="abhay.LandingPage" name="HomePage" time="0.008"/>
</testsuite> <!-- abhay.LandingPage -->
