<?xml version="1.0" encoding="UTF-8"?>
<!-- Generated by org.testng.reporters.JUnitReportReporter -->
<testsuite hostname="LAIMUMLT9002" failures="0" tests="1" name="abhay.ForgotPasswordTest" time="13.790" errors="0" timestamp="2024-01-14T15:35:30 IST" skipped="0">
  <testcase classname="abhay.ForgotPasswordTest" name="resetPassword" time="13.790"/>
</testsuite> <!-- abhay.ForgotPasswordTest -->
