<?xml version="1.0" encoding="UTF-8"?>
<!-- Generated by org.testng.reporters.JUnitReportReporter -->
<testsuite hostname="LAIMUMLT9002" failures="0" tests="1" name="abhay.LogoutPage" time="6.533" errors="0" timestamp="2023-10-26T17:03:16 IST" skipped="0">
  <testcase classname="abhay.LogoutPage" name="logOut" time="6.533"/>
</testsuite> <!-- abhay.LogoutPage -->
