<?xml version="1.0" encoding="UTF-8"?>
<!-- Generated by org.testng.reporters.JUnitReportReporter -->
<testsuite hostname="LAIMUMLT9002" failures="0" tests="1" name="abhay.Demo" time="0.116" errors="0" timestamp="2023-10-23T18:45:11 IST" skipped="0">
  <testcase classname="abhay.Demo" name="red" time="0.116"/>
</testsuite> <!-- abhay.Demo -->
